<?xml version="1.0" encoding="UTF-8"?>
<testsuites name="Mocha Tests" time="31.1830" tests="11" failures="1">
  <testsuite name="Root Suite" timestamp="2021-05-26T09:05:33" tests="0" file="specs/homePageSpec.js" time="0.0000" failures="0">
  </testsuite>
  <testsuite name="XFlix" timestamp="2021-05-26T09:05:33" tests="11" time="31.1830" failures="1">
    <testcase name="XFlix should display 5 genre buttons on a row" time="17.3990" classname="should display 5 genre buttons on a row">
    </testcase>
    <testcase name="XFlix should display 5 content rating buttons on a row" time="0.7500" classname="should display 5 content rating buttons on a row">
    </testcase>
    <testcase name="XFlix should not have same parent for genre and content rating buttons" time="0.5620" classname="should not have same parent for genre and content rating buttons">
    </testcase>
    <testcase name="XFlix should not have &quot;View Count&quot; option selected in sort by dropdown on page load" time="0.5880" classname="should not have &quot;View Count&quot; option selected in sort by dropdown on page load">
    </testcase>
    <testcase name="XFlix should have &quot;Release Date&quot; option selected in sort by dropdown on page load" time="0.4840" classname="should have &quot;Release Date&quot; option selected in sort by dropdown on page load">
    </testcase>
    <testcase name="XFlix should have &quot;View Count&quot; option selectable after clicking on the sort by dropdown" time="1.3770" classname="should have &quot;View Count&quot; option selectable after clicking on the sort by dropdown">
      <failure message="`cy.select()` can only be called on a single `&lt;select&gt;`. Your subject contained 2 elements.

https://on.cypress.io/select" type="CypressError"><![CDATA[CypressError: `cy.select()` can only be called on a single `<select>`. Your subject contained 2 elements.

https://on.cypress.io/select
    at Context.select (http://localhost:8081/__cypress/runner/cypress_runner.js:133385:19)
    at Context.<anonymous> (http://localhost:8081/__cypress/runner/cypress_runner.js:150696:21)
From Your Spec Code:
    at Context.eval (http://localhost:8081/__cypress/tests?p=specs/homePageSpec.js:346:32)]]></failure>
    </testcase>
    <testcase name="XFlix should have &quot;Upload&quot; button on landing page on load" time="0.5840" classname="should have &quot;Upload&quot; button on landing page on load">
    </testcase>
    <testcase name="XFlix should open video modal with &quot;Submit&quot; and &quot;Cancel&quot; buttons, on clicking &quot;Upload&quot; button" time="1.2830" classname="should open video modal with &quot;Submit&quot; and &quot;Cancel&quot; buttons, on clicking &quot;Upload&quot; button">
    </testcase>
    <testcase name="XFlix should open video modal on clicking &quot;Upload&quot; button and close it on clicking &quot;Cancel&quot; button in the modal" time="1.5040" classname="should open video modal on clicking &quot;Upload&quot; button and close it on clicking &quot;Cancel&quot; button in the modal">
    </testcase>
    <testcase name="XFlix should have at least 10 links (with class &quot;video-tile-link&quot;) to different videos on page load." time="3.1650" classname="should have at least 10 links (with class &quot;video-tile-link&quot;) to different videos on page load.">
    </testcase>
    <testcase name="XFlix should display the video page on clicking the first video tile (with class &quot;video-tile&quot;) which has a parent element with class &quot;video-tile&quot;which is child of an &quot;video-tile-link&quot; element " time="3.4870" classname="should display the video page on clicking the first video tile (with class &quot;video-tile&quot;) which has a parent element with class &quot;video-tile&quot;which is child of an &quot;video-tile-link&quot; element ">
    </testcase>
  </testsuite>
</testsuites>